  linkedlist_lv0.c
C:\study_ws\Project1\linkedlist_lv0.c(1,1): warning C4819: 현재 코드 페이지(949)에서 표시할 수 없는 문자가 파일에 들어 있습니다. 데이터가 손실되지 않게 하려면 해당 파일을 유니코드 형식으로 저장하십시오.
C:\study_ws\Project1\linkedlist_lv0.h(1,1): warning C4819: 현재 코드 페이지(949)에서 표시할 수 없는 문자가 파일에 들어 있습니다. 데이터가 손실되지 않게 하려면 해당 파일을 유니코드 형식으로 저장하십시오.
C:\study_ws\Project1\linkedlist_lv0.c(25,19): warning C4090: 'return': 'const' 한정자가 서로 다릅니다.
C:\study_ws\Project1\linkedlist_lv0.c(104): warning C4715: 'remove_node': 모든 제어 경로에서 값을 반환하지는 않습니다.
  main.cpp
C:\study_ws\Project1\linkedlist_lv0.h(1,1): warning C4819: 현재 코드 페이지(949)에서 표시할 수 없는 문자가 파일에 들어 있습니다. 데이터가 손실되지 않게 하려면 해당 파일을 유니코드 형식으로 저장하십시오.
main.obj : error LNK2019: "struct node * __cdecl get_node_or_null(struct node *,int)" (?get_node_or_null@@YAPAUnode@@PAU1@H@Z)_main 함수에서 참조되는 확인할 수 없는 외부 기호
    정의되었으며 잠재적으로 일치할 수 있는 기호에 대한 힌트:
      _get_node_or_null
main.obj : error LNK2019: "int __cdecl add(struct node * *,struct node)" (?add@@YAHPAPAUnode@@U1@@Z)_main 함수에서 참조되는 확인할 수 없는 외부 기호
    정의되었으며 잠재적으로 일치할 수 있는 기호에 대한 힌트:
      _add
main.obj : error LNK2019: "int __cdecl remove_node(struct node * *,int)" (?remove_node@@YAHPAPAUnode@@H@Z)_main 함수에서 참조되는 확인할 수 없는 외부 기호
    정의되었으며 잠재적으로 일치할 수 있는 기호에 대한 힌트:
      _remove_node
main.obj : error LNK2019: "void __cdecl destroy(struct node * *)" (?destroy@@YAXPAPAUnode@@@Z)_main 함수에서 참조되는 확인할 수 없는 외부 기호
    정의되었으며 잠재적으로 일치할 수 있는 기호에 대한 힌트:
      _destroy
C:\study_ws\Project1\Debug\Project1.exe : fatal error LNK1120: 4개의 확인할 수 없는 외부 참조입니다.
